2016-08-24 03:55:03 Error: [MissingConnectionException] Database connection "Mysql" is missing, or could not be created.
Exception Attributes: array (
  'class' => 'Mysql',
  'message' => 'SQLSTATE[42000] [1044] Access denied for user \'marijana\'@\'%\' to database \'rezomescake\'',
  'enabled' => true,
)
Request URL: /TheRhizomes/accounts/phpcaptcha?0_7201541692069702=
Stack Trace:
#0 /home/ray/web/TheRhizomes/lib/Cake/Model/Datasource/DboSource.php(260): Mysql->connect()
#1 /home/ray/web/TheRhizomes/lib/Cake/Model/ConnectionManager.php(105): DboSource->__construct(Array)
#2 /home/ray/web/TheRhizomes/lib/Cake/Model/Model.php(3471): ConnectionManager::getDataSource('default')
#3 /home/ray/web/TheRhizomes/lib/Cake/Model/Model.php(1126): Model->setDataSource('default')
#4 /home/ray/web/TheRhizomes/lib/Cake/Model/Model.php(3493): Model->setSource('admins')
#5 /home/ray/web/TheRhizomes/lib/Cake/Model/Model.php(2897): Model->getDataSource()
#6 /home/ray/web/TheRhizomes/lib/Cake/Model/Model.php(2869): Model->_readDataSource('first', Array)
#7 /home/ray/web/TheRhizomes/lib/Cake/Model/Model.php(1621): Model->find('first', Array)
#8 /home/ray/web/TheRhizomes/app/Controller/AppController.php(53): Model->field('notes', Array)
#9 /home/ray/web/TheRhizomes/app/Controller/AccountsController.php(57): AppController->beforeFilter()
#10 [internal function]: AccountsController->beforeFilter(Object(CakeEvent))
#11 /home/ray/web/TheRhizomes/lib/Cake/Event/CakeEventManager.php(247): call_user_func(Array, Object(CakeEvent))
#12 /home/ray/web/TheRhizomes/lib/Cake/Controller/Controller.php(674): CakeEventManager->dispatch(Object(CakeEvent))
#13 /home/ray/web/TheRhizomes/lib/Cake/Routing/Dispatcher.php(182): Controller->startupProcess()
#14 /home/ray/web/TheRhizomes/lib/Cake/Routing/Dispatcher.php(160): Dispatcher->_invoke(Object(AccountsController), Object(CakeRequest), Object(CakeResponse))
#15 /home/ray/web/TheRhizomes/app/webroot/index.php(108): Dispatcher->dispatch(Object(CakeRequest), Object(CakeResponse))
#16 {main}
2016-08-24 03:55:05 Error: [MissingConnectionException] Database connection "Mysql" is missing, or could not be created.
Exception Attributes: array (
  'class' => 'Mysql',
  'message' => 'SQLSTATE[42000] [1044] Access denied for user \'marijana\'@\'%\' to database \'rezomescake\'',
  'enabled' => true,
)
Request URL: /TheRhizomes/accounts/phpcaptcha?0_7744564296603992=
Stack Trace:
#0 /home/ray/web/TheRhizomes/lib/Cake/Model/Datasource/DboSource.php(260): Mysql->connect()
#1 /home/ray/web/TheRhizomes/lib/Cake/Model/ConnectionManager.php(105): DboSource->__construct(Array)
#2 /home/ray/web/TheRhizomes/lib/Cake/Model/Model.php(3471): ConnectionManager::getDataSource('default')
#3 /home/ray/web/TheRhizomes/lib/Cake/Model/Model.php(1126): Model->setDataSource('default')
#4 /home/ray/web/TheRhizomes/lib/Cake/Model/Model.php(3493): Model->setSource('admins')
#5 /home/ray/web/TheRhizomes/lib/Cake/Model/Model.php(2897): Model->getDataSource()
#6 /home/ray/web/TheRhizomes/lib/Cake/Model/Model.php(2869): Model->_readDataSource('first', Array)
#7 /home/ray/web/TheRhizomes/lib/Cake/Model/Model.php(1621): Model->find('first', Array)
#8 /home/ray/web/TheRhizomes/app/Controller/AppController.php(53): Model->field('notes', Array)
#9 /home/ray/web/TheRhizomes/app/Controller/AccountsController.php(57): AppController->beforeFilter()
#10 [internal function]: AccountsController->beforeFilter(Object(CakeEvent))
#11 /home/ray/web/TheRhizomes/lib/Cake/Event/CakeEventManager.php(247): call_user_func(Array, Object(CakeEvent))
#12 /home/ray/web/TheRhizomes/lib/Cake/Controller/Controller.php(674): CakeEventManager->dispatch(Object(CakeEvent))
#13 /home/ray/web/TheRhizomes/lib/Cake/Routing/Dispatcher.php(182): Controller->startupProcess()
#14 /home/ray/web/TheRhizomes/lib/Cake/Routing/Dispatcher.php(160): Dispatcher->_invoke(Object(AccountsController), Object(CakeRequest), Object(CakeResponse))
#15 /home/ray/web/TheRhizomes/app/webroot/index.php(108): Dispatcher->dispatch(Object(CakeRequest), Object(CakeResponse))
#16 {main}
2016-08-24 03:55:13 Error: [MissingConnectionException] Database connection "Mysql" is missing, or could not be created.
Exception Attributes: array (
  'class' => 'Mysql',
  'message' => 'SQLSTATE[42000] [1044] Access denied for user \'marijana\'@\'%\' to database \'rezomescake\'',
  'enabled' => true,
)
Request URL: /TheRhizomes/accounts/phpcaptcha
Stack Trace:
#0 /home/ray/web/TheRhizomes/lib/Cake/Model/Datasource/DboSource.php(260): Mysql->connect()
#1 /home/ray/web/TheRhizomes/lib/Cake/Model/ConnectionManager.php(105): DboSource->__construct(Array)
#2 /home/ray/web/TheRhizomes/lib/Cake/Model/Model.php(3471): ConnectionManager::getDataSource('default')
#3 /home/ray/web/TheRhizomes/lib/Cake/Model/Model.php(1126): Model->setDataSource('default')
#4 /home/ray/web/TheRhizomes/lib/Cake/Model/Model.php(3493): Model->setSource('admins')
#5 /home/ray/web/TheRhizomes/lib/Cake/Model/Model.php(2897): Model->getDataSource()
#6 /home/ray/web/TheRhizomes/lib/Cake/Model/Model.php(2869): Model->_readDataSource('first', Array)
#7 /home/ray/web/TheRhizomes/lib/Cake/Model/Model.php(1621): Model->find('first', Array)
#8 /home/ray/web/TheRhizomes/app/Controller/AppController.php(53): Model->field('notes', Array)
#9 /home/ray/web/TheRhizomes/app/Controller/AccountsController.php(57): AppController->beforeFilter()
#10 [internal function]: AccountsController->beforeFilter(Object(CakeEvent))
#11 /home/ray/web/TheRhizomes/lib/Cake/Event/CakeEventManager.php(247): call_user_func(Array, Object(CakeEvent))
#12 /home/ray/web/TheRhizomes/lib/Cake/Controller/Controller.php(674): CakeEventManager->dispatch(Object(CakeEvent))
#13 /home/ray/web/TheRhizomes/lib/Cake/Routing/Dispatcher.php(182): Controller->startupProcess()
#14 /home/ray/web/TheRhizomes/lib/Cake/Routing/Dispatcher.php(160): Dispatcher->_invoke(Object(AccountsController), Object(CakeRequest), Object(CakeResponse))
#15 /home/ray/web/TheRhizomes/app/webroot/index.php(108): Dispatcher->dispatch(Object(CakeRequest), Object(CakeResponse))
#16 {main}
2016-08-24 03:55:19 Error: [MissingConnectionException] Database connection "Mysql" is missing, or could not be created.
Exception Attributes: array (
  'class' => 'Mysql',
  'message' => 'SQLSTATE[42000] [1044] Access denied for user \'marijana\'@\'%\' to database \'rezomescake\'',
  'enabled' => true,
)
Request URL: /TheRhizomes/
Stack Trace:
#0 /home/ray/web/TheRhizomes/lib/Cake/Model/Datasource/DboSource.php(260): Mysql->connect()
#1 /home/ray/web/TheRhizomes/lib/Cake/Model/ConnectionManager.php(105): DboSource->__construct(Array)
#2 /home/ray/web/TheRhizomes/lib/Cake/Model/Model.php(3471): ConnectionManager::getDataSource('default')
#3 /home/ray/web/TheRhizomes/lib/Cake/Model/Model.php(1126): Model->setDataSource('default')
#4 /home/ray/web/TheRhizomes/lib/Cake/Model/Model.php(3493): Model->setSource('admins')
#5 /home/ray/web/TheRhizomes/lib/Cake/Model/Model.php(2897): Model->getDataSource()
#6 /home/ray/web/TheRhizomes/lib/Cake/Model/Model.php(2869): Model->_readDataSource('first', Array)
#7 /home/ray/web/TheRhizomes/lib/Cake/Model/Model.php(1621): Model->find('first', Array)
#8 /home/ray/web/TheRhizomes/app/Controller/AppController.php(53): Model->field('notes', Array)
#9 /home/ray/web/TheRhizomes/app/Controller/AccountsController.php(57): AppController->beforeFilter()
#10 [internal function]: AccountsController->beforeFilter(Object(CakeEvent))
#11 /home/ray/web/TheRhizomes/lib/Cake/Event/CakeEventManager.php(247): call_user_func(Array, Object(CakeEvent))
#12 /home/ray/web/TheRhizomes/lib/Cake/Controller/Controller.php(674): CakeEventManager->dispatch(Object(CakeEvent))
#13 /home/ray/web/TheRhizomes/lib/Cake/Routing/Dispatcher.php(182): Controller->startupProcess()
#14 /home/ray/web/TheRhizomes/lib/Cake/Routing/Dispatcher.php(160): Dispatcher->_invoke(Object(AccountsController), Object(CakeRequest), Object(CakeResponse))
#15 /home/ray/web/TheRhizomes/app/webroot/index.php(108): Dispatcher->dispatch(Object(CakeRequest), Object(CakeResponse))
#16 {main}
2016-08-24 15:55:19 Error: [MissingControllerException] Controller class Favicon.icoController could not be found.
Exception Attributes: array (
  'class' => 'Favicon.icoController',
  'plugin' => NULL,
)
Request URL: /TheRhizomes/favicon.ico
Stack Trace:
#0 /home/ray/web/TheRhizomes/app/webroot/index.php(108): Dispatcher->dispatch(Object(CakeRequest), Object(CakeResponse))
#1 {main}
2016-08-24 03:55:54 Error: [MissingConnectionException] Database connection "Mysql" is missing, or could not be created.
Exception Attributes: array (
  'class' => 'Mysql',
  'message' => 'SQLSTATE[42000] [1044] Access denied for user \'marijana\'@\'%\' to database \'rezomescake\'',
  'enabled' => true,
)
Request URL: /TheRhizomes/
Stack Trace:
#0 /home/ray/web/TheRhizomes/lib/Cake/Model/Datasource/DboSource.php(260): Mysql->connect()
#1 /home/ray/web/TheRhizomes/lib/Cake/Model/ConnectionManager.php(105): DboSource->__construct(Array)
#2 /home/ray/web/TheRhizomes/lib/Cake/Model/Model.php(3471): ConnectionManager::getDataSource('default')
#3 /home/ray/web/TheRhizomes/lib/Cake/Model/Model.php(1126): Model->setDataSource('default')
#4 /home/ray/web/TheRhizomes/lib/Cake/Model/Model.php(3493): Model->setSource('admins')
#5 /home/ray/web/TheRhizomes/lib/Cake/Model/Model.php(2897): Model->getDataSource()
#6 /home/ray/web/TheRhizomes/lib/Cake/Model/Model.php(2869): Model->_readDataSource('first', Array)
#7 /home/ray/web/TheRhizomes/lib/Cake/Model/Model.php(1621): Model->find('first', Array)
#8 /home/ray/web/TheRhizomes/app/Controller/AppController.php(53): Model->field('notes', Array)
#9 /home/ray/web/TheRhizomes/app/Controller/AccountsController.php(57): AppController->beforeFilter()
#10 [internal function]: AccountsController->beforeFilter(Object(CakeEvent))
#11 /home/ray/web/TheRhizomes/lib/Cake/Event/CakeEventManager.php(247): call_user_func(Array, Object(CakeEvent))
#12 /home/ray/web/TheRhizomes/lib/Cake/Controller/Controller.php(674): CakeEventManager->dispatch(Object(CakeEvent))
#13 /home/ray/web/TheRhizomes/lib/Cake/Routing/Dispatcher.php(182): Controller->startupProcess()
#14 /home/ray/web/TheRhizomes/lib/Cake/Routing/Dispatcher.php(160): Dispatcher->_invoke(Object(AccountsController), Object(CakeRequest), Object(CakeResponse))
#15 /home/ray/web/TheRhizomes/app/webroot/index.php(108): Dispatcher->dispatch(Object(CakeRequest), Object(CakeResponse))
#16 {main}
2016-08-24 15:56:05 Error: [MissingControllerException] Controller class ImgController could not be found.
Exception Attributes: array (
  'class' => 'ImgController',
  'plugin' => NULL,
)
Request URL: /TheRhizomes/img/main/topbanner.png
Stack Trace:
#0 /home/ray/web/TheRhizomes/app/webroot/index.php(108): Dispatcher->dispatch(Object(CakeRequest), Object(CakeResponse))
#1 {main}
